build/app/intermediates/manifest_merge_blame_file/debug/processDebugMainManifest/manifest-merger-blame-debug-report.txt
1<?xml version="1.0" encoding="utf-8"?>
2<manifest xmlns:android="http://schemas.android.com/apk/res/android"
3    package="com.example.snappy"
4    android:versionCode="1"
5    android:versionName="1.0.0" >
6
7    <uses-sdk
8        android:minSdkVersion="23"
9        android:targetSdkVersion="35" />
10    <!--
11         The INTERNET permission is required for development. Specifically,
12         the Flutter tool needs it to communicate with the running application
13         to allow setting breakpoints, to provide hot reload, etc.
14    -->
15    <uses-permission android:name="android.permission.INTERNET" />
15-->src\debug\AndroidManifest.xml:6:5-66
15-->src\debug\AndroidManifest.xml:6:22-64
16    <!--
17     Required to query activities that can process text, see:
18         https://developer.android.com/training/package-visibility and
19         https://developer.android.com/reference/android/content/Intent#ACTION_PROCESS_TEXT.
20
21         In particular, this is used by the Flutter engine in io.flutter.plugin.text.ProcessTextPlugin.
22    -->
23    <queries>
23-->src\main\AndroidManifest.xml:39:5-44:15
24        <intent>
24-->src\main\AndroidManifest.xml:40:9-43:18
25            <action android:name="android.intent.action.PROCESS_TEXT" />
25-->src\main\AndroidManifest.xml:41:13-72
25-->src\main\AndroidManifest.xml:41:21-70
26
27            <data android:mimeType="text/plain" />
27-->src\main\AndroidManifest.xml:42:13-50
27-->src\main\AndroidManifest.xml:42:19-48
28        </intent>
29    </queries>
30
31    <uses-permission android:name="android.permission.ACCESS_NETWORK_STATE" />
31-->[com.google.firebase:firebase-auth:23.2.0] AndroidManifest.xml:26:5-79
31-->[com.google.firebase:firebase-auth:23.2.0] AndroidManifest.xml:26:22-76
32    <uses-permission android:name="com.google.android.providers.gsf.permission.READ_GSERVICES" />
32-->[com.google.android.recaptcha:recaptcha:18.6.1] AndroidManifest.xml:9:5-98
32-->[com.google.android.recaptcha:recaptcha:18.6.1] AndroidManifest.xml:9:22-95
33
34    <permission
34-->[androidx.core:core:1.13.1] AndroidManifest.xml:22:5-24:47
35        android:name="com.example.snappy.DYNAMIC_RECEIVER_NOT_EXPORTED_PERMISSION"
35-->[androidx.core:core:1.13.1] AndroidManifest.xml:23:9-81
36        android:protectionLevel="signature" />
36-->[androidx.core:core:1.13.1] AndroidManifest.xml:24:9-44
37
38    <uses-permission android:name="com.example.snappy.DYNAMIC_RECEIVER_NOT_EXPORTED_PERMISSION" />
38-->[androidx.core:core:1.13.1] AndroidManifest.xml:26:5-97
38-->[androidx.core:core:1.13.1] AndroidManifest.xml:26:22-94
39
40    <application
41        android:name="android.app.Application"
42        android:appComponentFactory="androidx.core.app.CoreComponentFactory"
42-->[androidx.core:core:1.13.1] AndroidManifest.xml:28:18-86
43        android:debuggable="true"
44        android:extractNativeLibs="false"
45        android:icon="@mipmap/ic_launcher"
46        android:label="snappy" >
47        <activity
48            android:name="com.example.snappy.MainActivity"
49            android:configChanges="orientation|keyboardHidden|keyboard|screenSize|smallestScreenSize|locale|layoutDirection|fontScale|screenLayout|density|uiMode"
50            android:exported="true"
51            android:hardwareAccelerated="true"
52            android:launchMode="singleTop"
53            android:taskAffinity=""
54            android:theme="@style/LaunchTheme"
55            android:windowSoftInputMode="adjustResize" >
56
57            <!--
58                 Specifies an Android theme to apply to this Activity as soon as
59                 the Android process has started. This theme is visible to the user
60                 while the Flutter UI initializes. After that, this theme continues
61                 to determine the Window background behind the Flutter UI.
62            -->
63            <meta-data
64                android:name="io.flutter.embedding.android.NormalTheme"
65                android:resource="@style/NormalTheme" />
66
67            <intent-filter>
68                <action android:name="android.intent.action.MAIN" />
69
70                <category android:name="android.intent.category.LAUNCHER" />
71            </intent-filter>
72        </activity>
73        <!--
74             Don't delete the meta-data below.
75             This is used by the Flutter tool to generate GeneratedPluginRegistrant.java
76        -->
77        <meta-data
78            android:name="flutterEmbedding"
79            android:value="2" />
80
81        <service
81-->[:geolocator_android] AndroidManifest.xml:8:9-12:56
82            android:name="com.baseflow.geolocator.GeolocatorLocationService"
82-->[:geolocator_android] AndroidManifest.xml:9:13-77
83            android:enabled="true"
83-->[:geolocator_android] AndroidManifest.xml:10:13-35
84            android:exported="false"
84-->[:geolocator_android] AndroidManifest.xml:11:13-37
85            android:foregroundServiceType="location" />
85-->[:geolocator_android] AndroidManifest.xml:12:13-53
86        <service
86-->[:cloud_firestore] AndroidManifest.xml:8:9-12:19
87            android:name="com.google.firebase.components.ComponentDiscoveryService"
87-->[:cloud_firestore] AndroidManifest.xml:8:18-89
88            android:directBootAware="true"
88-->[com.google.firebase:firebase-common:21.0.0] AndroidManifest.xml:32:13-43
89            android:exported="false" >
89-->[com.google.firebase:firebase-auth:23.2.0] AndroidManifest.xml:68:13-37
90            <meta-data
90-->[:cloud_firestore] AndroidManifest.xml:9:13-11:85
91                android:name="com.google.firebase.components:io.flutter.plugins.firebase.firestore.FlutterFirebaseFirestoreRegistrar"
91-->[:cloud_firestore] AndroidManifest.xml:10:17-134
92                android:value="com.google.firebase.components.ComponentRegistrar" />
92-->[:cloud_firestore] AndroidManifest.xml:11:17-82
93            <meta-data
93-->[:firebase_auth] AndroidManifest.xml:9:13-11:85
94                android:name="com.google.firebase.components:io.flutter.plugins.firebase.auth.FlutterFirebaseAuthRegistrar"
94-->[:firebase_auth] AndroidManifest.xml:10:17-124
95                android:value="com.google.firebase.components.ComponentRegistrar" />
95-->[:firebase_auth] AndroidManifest.xml:11:17-82
96            <meta-data
96-->[:firebase_database] AndroidManifest.xml:9:13-11:85
97                android:name="com.google.firebase.components:io.flutter.plugins.firebase.database.FlutterFirebaseAppRegistrar"
97-->[:firebase_database] AndroidManifest.xml:10:17-127
98                android:value="com.google.firebase.components.ComponentRegistrar" />
98-->[:firebase_database] AndroidManifest.xml:11:17-82
99            <meta-data
99-->[:firebase_core] AndroidManifest.xml:9:13-11:85
100                android:name="com.google.firebase.components:io.flutter.plugins.firebase.core.FlutterFirebaseCoreRegistrar"
100-->[:firebase_core] AndroidManifest.xml:10:17-124
101                android:value="com.google.firebase.components.ComponentRegistrar" />
101-->[:firebase_core] AndroidManifest.xml:11:17-82
102            <meta-data
102-->[com.google.firebase:firebase-auth:23.2.0] AndroidManifest.xml:69:13-71:85
103                android:name="com.google.firebase.components:com.google.firebase.auth.FirebaseAuthRegistrar"
103-->[com.google.firebase:firebase-auth:23.2.0] AndroidManifest.xml:70:17-109
104                android:value="com.google.firebase.components.ComponentRegistrar" />
104-->[com.google.firebase:firebase-auth:23.2.0] AndroidManifest.xml:71:17-82
105            <meta-data
105-->[com.google.firebase:firebase-database:21.0.0] AndroidManifest.xml:29:13-31:85
106                android:name="com.google.firebase.components:com.google.firebase.database.FirebaseDatabaseKtxRegistrar"
106-->[com.google.firebase:firebase-database:21.0.0] AndroidManifest.xml:30:17-120
107                android:value="com.google.firebase.components.ComponentRegistrar" />
107-->[com.google.firebase:firebase-database:21.0.0] AndroidManifest.xml:31:17-82
108            <meta-data
108-->[com.google.firebase:firebase-database:21.0.0] AndroidManifest.xml:32:13-34:85
109                android:name="com.google.firebase.components:com.google.firebase.database.DatabaseRegistrar"
109-->[com.google.firebase:firebase-database:21.0.0] AndroidManifest.xml:33:17-109
110                android:value="com.google.firebase.components.ComponentRegistrar" />
110-->[com.google.firebase:firebase-database:21.0.0] AndroidManifest.xml:34:17-82
111            <meta-data
111-->[com.google.firebase:firebase-firestore:25.1.3] AndroidManifest.xml:17:13-19:85
112                android:name="com.google.firebase.components:com.google.firebase.firestore.FirebaseFirestoreKtxRegistrar"
112-->[com.google.firebase:firebase-firestore:25.1.3] AndroidManifest.xml:18:17-122
113                android:value="com.google.firebase.components.ComponentRegistrar" />
113-->[com.google.firebase:firebase-firestore:25.1.3] AndroidManifest.xml:19:17-82
114            <meta-data
114-->[com.google.firebase:firebase-firestore:25.1.3] AndroidManifest.xml:20:13-22:85
115                android:name="com.google.firebase.components:com.google.firebase.firestore.FirestoreRegistrar"
115-->[com.google.firebase:firebase-firestore:25.1.3] AndroidManifest.xml:21:17-111
116                android:value="com.google.firebase.components.ComponentRegistrar" />
116-->[com.google.firebase:firebase-firestore:25.1.3] AndroidManifest.xml:22:17-82
117            <meta-data
117-->[com.google.firebase:firebase-common-ktx:21.0.0] AndroidManifest.xml:12:13-14:85
118                android:name="com.google.firebase.components:com.google.firebase.ktx.FirebaseCommonLegacyRegistrar"
118-->[com.google.firebase:firebase-common-ktx:21.0.0] AndroidManifest.xml:13:17-116
119                android:value="com.google.firebase.components.ComponentRegistrar" />
119-->[com.google.firebase:firebase-common-ktx:21.0.0] AndroidManifest.xml:14:17-82
120            <meta-data
120-->[com.google.firebase:firebase-common:21.0.0] AndroidManifest.xml:35:13-37:85
121                android:name="com.google.firebase.components:com.google.firebase.FirebaseCommonKtxRegistrar"
121-->[com.google.firebase:firebase-common:21.0.0] AndroidManifest.xml:36:17-109
122                android:value="com.google.firebase.components.ComponentRegistrar" />
122-->[com.google.firebase:firebase-common:21.0.0] AndroidManifest.xml:37:17-82
123        </service>
124
125        <provider
125-->[:image_picker_android] AndroidManifest.xml:9:9-17:20
126            android:name="io.flutter.plugins.imagepicker.ImagePickerFileProvider"
126-->[:image_picker_android] AndroidManifest.xml:10:13-82
127            android:authorities="com.example.snappy.flutter.image_provider"
127-->[:image_picker_android] AndroidManifest.xml:11:13-74
128            android:exported="false"
128-->[:image_picker_android] AndroidManifest.xml:12:13-37
129            android:grantUriPermissions="true" >
129-->[:image_picker_android] AndroidManifest.xml:13:13-47
130            <meta-data
130-->[:image_picker_android] AndroidManifest.xml:14:13-16:75
131                android:name="android.support.FILE_PROVIDER_PATHS"
131-->[:image_picker_android] AndroidManifest.xml:15:17-67
132                android:resource="@xml/flutter_image_picker_file_paths" />
132-->[:image_picker_android] AndroidManifest.xml:16:17-72
133        </provider> <!-- Trigger Google Play services to install the backported photo picker module. -->
134        <service
134-->[:image_picker_android] AndroidManifest.xml:19:9-31:19
135            android:name="com.google.android.gms.metadata.ModuleDependencies"
135-->[:image_picker_android] AndroidManifest.xml:20:13-78
136            android:enabled="false"
136-->[:image_picker_android] AndroidManifest.xml:21:13-36
137            android:exported="false" >
137-->[:image_picker_android] AndroidManifest.xml:22:13-37
138            <intent-filter>
138-->[:image_picker_android] AndroidManifest.xml:24:13-26:29
139                <action android:name="com.google.android.gms.metadata.MODULE_DEPENDENCIES" />
139-->[:image_picker_android] AndroidManifest.xml:25:17-94
139-->[:image_picker_android] AndroidManifest.xml:25:25-91
140            </intent-filter>
141
142            <meta-data
142-->[:image_picker_android] AndroidManifest.xml:28:13-30:36
143                android:name="photopicker_activity:0:required"
143-->[:image_picker_android] AndroidManifest.xml:29:17-63
144                android:value="" />
144-->[:image_picker_android] AndroidManifest.xml:30:17-33
145        </service>
146
147        <activity
147-->[:url_launcher_android] AndroidManifest.xml:8:9-11:74
148            android:name="io.flutter.plugins.urllauncher.WebViewActivity"
148-->[:url_launcher_android] AndroidManifest.xml:9:13-74
149            android:exported="false"
149-->[:url_launcher_android] AndroidManifest.xml:10:13-37
150            android:theme="@android:style/Theme.NoTitleBar.Fullscreen" />
150-->[:url_launcher_android] AndroidManifest.xml:11:13-71
151        <activity
151-->[com.google.firebase:firebase-auth:23.2.0] AndroidManifest.xml:29:9-46:20
152            android:name="com.google.firebase.auth.internal.GenericIdpActivity"
152-->[com.google.firebase:firebase-auth:23.2.0] AndroidManifest.xml:30:13-80
153            android:excludeFromRecents="true"
153-->[com.google.firebase:firebase-auth:23.2.0] AndroidManifest.xml:31:13-46
154            android:exported="true"
154-->[com.google.firebase:firebase-auth:23.2.0] AndroidManifest.xml:32:13-36
155            android:launchMode="singleTask"
155-->[com.google.firebase:firebase-auth:23.2.0] AndroidManifest.xml:33:13-44
156            android:theme="@android:style/Theme.Translucent.NoTitleBar" >
156-->[com.google.firebase:firebase-auth:23.2.0] AndroidManifest.xml:34:13-72
157            <intent-filter>
157-->[com.google.firebase:firebase-auth:23.2.0] AndroidManifest.xml:35:13-45:29
158                <action android:name="android.intent.action.VIEW" />
158-->[com.google.firebase:firebase-auth:23.2.0] AndroidManifest.xml:36:17-69
158-->[com.google.firebase:firebase-auth:23.2.0] AndroidManifest.xml:36:25-66
159
160                <category android:name="android.intent.category.DEFAULT" />
160-->[com.google.firebase:firebase-auth:23.2.0] AndroidManifest.xml:38:17-76
160-->[com.google.firebase:firebase-auth:23.2.0] AndroidManifest.xml:38:27-73
161                <category android:name="android.intent.category.BROWSABLE" />
161-->[com.google.firebase:firebase-auth:23.2.0] AndroidManifest.xml:39:17-78
161-->[com.google.firebase:firebase-auth:23.2.0] AndroidManifest.xml:39:27-75
162
163                <data
163-->src\main\AndroidManifest.xml:42:13-50
164                    android:host="firebase.auth"
165                    android:path="/"
166                    android:scheme="genericidp" />
167            </intent-filter>
168        </activity>
169        <activity
169-->[com.google.firebase:firebase-auth:23.2.0] AndroidManifest.xml:47:9-64:20
170            android:name="com.google.firebase.auth.internal.RecaptchaActivity"
170-->[com.google.firebase:firebase-auth:23.2.0] AndroidManifest.xml:48:13-79
171            android:excludeFromRecents="true"
171-->[com.google.firebase:firebase-auth:23.2.0] AndroidManifest.xml:49:13-46
172            android:exported="true"
172-->[com.google.firebase:firebase-auth:23.2.0] AndroidManifest.xml:50:13-36
173            android:launchMode="singleTask"
173-->[com.google.firebase:firebase-auth:23.2.0] AndroidManifest.xml:51:13-44
174            android:theme="@android:style/Theme.Translucent.NoTitleBar" >
174-->[com.google.firebase:firebase-auth:23.2.0] AndroidManifest.xml:52:13-72
175            <intent-filter>
175-->[com.google.firebase:firebase-auth:23.2.0] AndroidManifest.xml:53:13-63:29
176                <action android:name="android.intent.action.VIEW" />
176-->[com.google.firebase:firebase-auth:23.2.0] AndroidManifest.xml:36:17-69
176-->[com.google.firebase:firebase-auth:23.2.0] AndroidManifest.xml:36:25-66
177
178                <category android:name="android.intent.category.DEFAULT" />
178-->[com.google.firebase:firebase-auth:23.2.0] AndroidManifest.xml:38:17-76
178-->[com.google.firebase:firebase-auth:23.2.0] AndroidManifest.xml:38:27-73
179                <category android:name="android.intent.category.BROWSABLE" />
179-->[com.google.firebase:firebase-auth:23.2.0] AndroidManifest.xml:39:17-78
179-->[com.google.firebase:firebase-auth:23.2.0] AndroidManifest.xml:39:27-75
180
181                <data
181-->src\main\AndroidManifest.xml:42:13-50
182                    android:host="firebase.auth"
183                    android:path="/"
184                    android:scheme="recaptcha" />
185            </intent-filter>
186        </activity>
187
188        <service
188-->[androidx.credentials:credentials-play-services-auth:1.2.0-rc01] AndroidManifest.xml:24:9-32:19
189            android:name="androidx.credentials.playservices.CredentialProviderMetadataHolder"
189-->[androidx.credentials:credentials-play-services-auth:1.2.0-rc01] AndroidManifest.xml:25:13-94
190            android:enabled="true"
190-->[androidx.credentials:credentials-play-services-auth:1.2.0-rc01] AndroidManifest.xml:26:13-35
191            android:exported="false" >
191-->[androidx.credentials:credentials-play-services-auth:1.2.0-rc01] AndroidManifest.xml:27:13-37
192            <meta-data
192-->[androidx.credentials:credentials-play-services-auth:1.2.0-rc01] AndroidManifest.xml:29:13-31:104
193                android:name="androidx.credentials.CREDENTIAL_PROVIDER_KEY"
193-->[androidx.credentials:credentials-play-services-auth:1.2.0-rc01] AndroidManifest.xml:30:17-76
194                android:value="androidx.credentials.playservices.CredentialProviderPlayServicesImpl" />
194-->[androidx.credentials:credentials-play-services-auth:1.2.0-rc01] AndroidManifest.xml:31:17-101
195        </service>
196
197        <activity
197-->[androidx.credentials:credentials-play-services-auth:1.2.0-rc01] AndroidManifest.xml:34:9-41:20
198            android:name="androidx.credentials.playservices.HiddenActivity"
198-->[androidx.credentials:credentials-play-services-auth:1.2.0-rc01] AndroidManifest.xml:35:13-76
199            android:configChanges="orientation|screenSize|screenLayout|keyboardHidden"
199-->[androidx.credentials:credentials-play-services-auth:1.2.0-rc01] AndroidManifest.xml:36:13-87
200            android:enabled="true"
200-->[androidx.credentials:credentials-play-services-auth:1.2.0-rc01] AndroidManifest.xml:37:13-35
201            android:exported="false"
201-->[androidx.credentials:credentials-play-services-auth:1.2.0-rc01] AndroidManifest.xml:38:13-37
202            android:fitsSystemWindows="true"
202-->[androidx.credentials:credentials-play-services-auth:1.2.0-rc01] AndroidManifest.xml:39:13-45
203            android:theme="@style/Theme.Hidden" >
203-->[androidx.credentials:credentials-play-services-auth:1.2.0-rc01] AndroidManifest.xml:40:13-48
204        </activity>
205        <activity
205-->[com.google.android.gms:play-services-auth:20.7.0] AndroidManifest.xml:23:9-27:75
206            android:name="com.google.android.gms.auth.api.signin.internal.SignInHubActivity"
206-->[com.google.android.gms:play-services-auth:20.7.0] AndroidManifest.xml:24:13-93
207            android:excludeFromRecents="true"
207-->[com.google.android.gms:play-services-auth:20.7.0] AndroidManifest.xml:25:13-46
208            android:exported="false"
208-->[com.google.android.gms:play-services-auth:20.7.0] AndroidManifest.xml:26:13-37
209            android:theme="@android:style/Theme.Translucent.NoTitleBar" />
209-->[com.google.android.gms:play-services-auth:20.7.0] AndroidManifest.xml:27:13-72
210        <!--
211            Service handling Google Sign-In user revocation. For apps that do not integrate with
212            Google Sign-In, this service will never be started.
213        -->
214        <service
214-->[com.google.android.gms:play-services-auth:20.7.0] AndroidManifest.xml:33:9-37:51
215            android:name="com.google.android.gms.auth.api.signin.RevocationBoundService"
215-->[com.google.android.gms:play-services-auth:20.7.0] AndroidManifest.xml:34:13-89
216            android:exported="true"
216-->[com.google.android.gms:play-services-auth:20.7.0] AndroidManifest.xml:35:13-36
217            android:permission="com.google.android.gms.auth.api.signin.permission.REVOCATION_NOTIFICATION"
217-->[com.google.android.gms:play-services-auth:20.7.0] AndroidManifest.xml:36:13-107
218            android:visibleToInstantApps="true" />
218-->[com.google.android.gms:play-services-auth:20.7.0] AndroidManifest.xml:37:13-48
219
220        <activity
220-->[com.google.android.gms:play-services-base:18.3.0] AndroidManifest.xml:20:9-22:45
221            android:name="com.google.android.gms.common.api.GoogleApiActivity"
221-->[com.google.android.gms:play-services-base:18.3.0] AndroidManifest.xml:20:19-85
222            android:exported="false"
222-->[com.google.android.gms:play-services-base:18.3.0] AndroidManifest.xml:22:19-43
223            android:theme="@android:style/Theme.Translucent.NoTitleBar" />
223-->[com.google.android.gms:play-services-base:18.3.0] AndroidManifest.xml:21:19-78
224
225        <provider
225-->[com.google.firebase:firebase-common:21.0.0] AndroidManifest.xml:23:9-28:39
226            android:name="com.google.firebase.provider.FirebaseInitProvider"
226-->[com.google.firebase:firebase-common:21.0.0] AndroidManifest.xml:24:13-77
227            android:authorities="com.example.snappy.firebaseinitprovider"
227-->[com.google.firebase:firebase-common:21.0.0] AndroidManifest.xml:25:13-72
228            android:directBootAware="true"
228-->[com.google.firebase:firebase-common:21.0.0] AndroidManifest.xml:26:13-43
229            android:exported="false"
229-->[com.google.firebase:firebase-common:21.0.0] AndroidManifest.xml:27:13-37
230            android:initOrder="100" />
230-->[com.google.firebase:firebase-common:21.0.0] AndroidManifest.xml:28:13-36
231
232        <uses-library
232-->[androidx.window:window:1.2.0] AndroidManifest.xml:23:9-25:40
233            android:name="androidx.window.extensions"
233-->[androidx.window:window:1.2.0] AndroidManifest.xml:24:13-54
234            android:required="false" />
234-->[androidx.window:window:1.2.0] AndroidManifest.xml:25:13-37
235        <uses-library
235-->[androidx.window:window:1.2.0] AndroidManifest.xml:26:9-28:40
236            android:name="androidx.window.sidecar"
236-->[androidx.window:window:1.2.0] AndroidManifest.xml:27:13-51
237            android:required="false" />
237-->[androidx.window:window:1.2.0] AndroidManifest.xml:28:13-37
238
239        <meta-data
239-->[com.google.android.gms:play-services-basement:18.4.0] AndroidManifest.xml:6:9-122
240            android:name="com.google.android.gms.version"
240-->[com.google.android.gms:play-services-basement:18.4.0] AndroidManifest.xml:6:20-65
241            android:value="@integer/google_play_services_version" />
241-->[com.google.android.gms:play-services-basement:18.4.0] AndroidManifest.xml:6:66-119
242
243        <provider
243-->[androidx.lifecycle:lifecycle-process:2.7.0] AndroidManifest.xml:24:9-32:20
244            android:name="androidx.startup.InitializationProvider"
244-->[androidx.lifecycle:lifecycle-process:2.7.0] AndroidManifest.xml:25:13-67
245            android:authorities="com.example.snappy.androidx-startup"
245-->[androidx.lifecycle:lifecycle-process:2.7.0] AndroidManifest.xml:26:13-68
246            android:exported="false" >
246-->[androidx.lifecycle:lifecycle-process:2.7.0] AndroidManifest.xml:27:13-37
247            <meta-data
247-->[androidx.lifecycle:lifecycle-process:2.7.0] AndroidManifest.xml:29:13-31:52
248                android:name="androidx.lifecycle.ProcessLifecycleInitializer"
248-->[androidx.lifecycle:lifecycle-process:2.7.0] AndroidManifest.xml:30:17-78
249                android:value="androidx.startup" />
249-->[androidx.lifecycle:lifecycle-process:2.7.0] AndroidManifest.xml:31:17-49
250            <meta-data
250-->[androidx.profileinstaller:profileinstaller:1.3.1] AndroidManifest.xml:29:13-31:52
251                android:name="androidx.profileinstaller.ProfileInstallerInitializer"
251-->[androidx.profileinstaller:profileinstaller:1.3.1] AndroidManifest.xml:30:17-85
252                android:value="androidx.startup" />
252-->[androidx.profileinstaller:profileinstaller:1.3.1] AndroidManifest.xml:31:17-49
253        </provider>
254
255        <receiver
255-->[androidx.profileinstaller:profileinstaller:1.3.1] AndroidManifest.xml:34:9-52:20
256            android:name="androidx.profileinstaller.ProfileInstallReceiver"
256-->[androidx.profileinstaller:profileinstaller:1.3.1] AndroidManifest.xml:35:13-76
257            android:directBootAware="false"
257-->[androidx.profileinstaller:profileinstaller:1.3.1] AndroidManifest.xml:36:13-44
258            android:enabled="true"
258-->[androidx.profileinstaller:profileinstaller:1.3.1] AndroidManifest.xml:37:13-35
259            android:exported="true"
259-->[androidx.profileinstaller:profileinstaller:1.3.1] AndroidManifest.xml:38:13-36
260            android:permission="android.permission.DUMP" >
260-->[androidx.profileinstaller:profileinstaller:1.3.1] AndroidManifest.xml:39:13-57
261            <intent-filter>
261-->[androidx.profileinstaller:profileinstaller:1.3.1] AndroidManifest.xml:40:13-42:29
262                <action android:name="androidx.profileinstaller.action.INSTALL_PROFILE" />
262-->[androidx.profileinstaller:profileinstaller:1.3.1] AndroidManifest.xml:41:17-91
262-->[androidx.profileinstaller:profileinstaller:1.3.1] AndroidManifest.xml:41:25-88
263            </intent-filter>
264            <intent-filter>
264-->[androidx.profileinstaller:profileinstaller:1.3.1] AndroidManifest.xml:43:13-45:29
265                <action android:name="androidx.profileinstaller.action.SKIP_FILE" />
265-->[androidx.profileinstaller:profileinstaller:1.3.1] AndroidManifest.xml:44:17-85
265-->[androidx.profileinstaller:profileinstaller:1.3.1] AndroidManifest.xml:44:25-82
266            </intent-filter>
267            <intent-filter>
267-->[androidx.profileinstaller:profileinstaller:1.3.1] AndroidManifest.xml:46:13-48:29
268                <action android:name="androidx.profileinstaller.action.SAVE_PROFILE" />
268-->[androidx.profileinstaller:profileinstaller:1.3.1] AndroidManifest.xml:47:17-88
268-->[androidx.profileinstaller:profileinstaller:1.3.1] AndroidManifest.xml:47:25-85
269            </intent-filter>
270            <intent-filter>
270-->[androidx.profileinstaller:profileinstaller:1.3.1] AndroidManifest.xml:49:13-51:29
271                <action android:name="androidx.profileinstaller.action.BENCHMARK_OPERATION" />
271-->[androidx.profileinstaller:profileinstaller:1.3.1] AndroidManifest.xml:50:17-95
271-->[androidx.profileinstaller:profileinstaller:1.3.1] AndroidManifest.xml:50:25-92
272            </intent-filter>
273        </receiver> <!-- The activities will be merged into the manifest of the hosting app. -->
274        <activity
274-->[com.google.android.play:core-common:2.0.3] AndroidManifest.xml:14:9-18:65
275            android:name="com.google.android.play.core.common.PlayCoreDialogWrapperActivity"
275-->[com.google.android.play:core-common:2.0.3] AndroidManifest.xml:15:13-93
276            android:exported="false"
276-->[com.google.android.play:core-common:2.0.3] AndroidManifest.xml:16:13-37
277            android:stateNotNeeded="true"
277-->[com.google.android.play:core-common:2.0.3] AndroidManifest.xml:17:13-42
278            android:theme="@style/Theme.PlayCore.Transparent" />
278-->[com.google.android.play:core-common:2.0.3] AndroidManifest.xml:18:13-62
279    </application>
280
281</manifest>